<?xml version="1.0" encoding="UTF-8"?>
<testng-results ignored="0" total="1" passed="1" failed="0" skipped="0">
  <reporter-output>
  </reporter-output>
  <suite started-at="2021-06-28T16:23:41 IST" name="udemyappium_1.firstTest" finished-at="2021-06-28T16:24:09 IST" duration-ms="27631">
    <groups>
    </groups>
    <test started-at="2021-06-28T16:23:41 IST" name="Command line test" finished-at="2021-06-28T16:24:09 IST" duration-ms="27631">
      <class name="udemyappium_1.firstTest">
        <test-method is-config="true" signature="setup()[pri:0, instance:udemyappium_1.firstTest@1afd44cb]" started-at="2021-06-28T16:23:41 IST" name="setup" finished-at="2021-06-28T16:24:04 IST" duration-ms="22696" status="PASS">
          <reporter-output>
          </reporter-output>
        </test-method> <!-- setup -->
        <test-method signature="testCal()[pri:0, instance:udemyappium_1.firstTest@1afd44cb]" started-at="2021-06-28T16:24:04 IST" name="testCal" finished-at="2021-06-28T16:24:08 IST" duration-ms="4382" status="PASS">
          <reporter-output>
          </reporter-output>
        </test-method> <!-- testCal -->
        <test-method is-config="true" signature="teardown()[pri:0, instance:udemyappium_1.firstTest@1afd44cb]" started-at="2021-06-28T16:24:08 IST" name="teardown" finished-at="2021-06-28T16:24:09 IST" duration-ms="516" status="PASS">
          <reporter-output>
          </reporter-output>
        </test-method> <!-- teardown -->
      </class> <!-- udemyappium_1.firstTest -->
    </test> <!-- Command line test -->
  </suite> <!-- udemyappium_1.firstTest -->
</testng-results>
